<?xml version="1.0" encoding="UTF-8"?>
<!-- Generated by org.testng.reporters.JUnitXMLReporter -->
<testsuite hostname="ABDUS" ignored="0" name="Edge Test" tests="4" failures="0" timestamp="26 Apr 2019 01:45:41 GMT" time="3.518" errors="0">
  <testcase name="@BeforeTest openBrowser" time="3.469" classname="demo.CrossBrowserTesting">
    <failure type="org.openqa.selenium.WebDriverException" message="A window size operation failed because the window is not currently available (WARNING: The server did not provide any stacktrace information)
Command duration or timeout: 0 milliseconds
Build info: version: &amp;apos;3.141.59&amp;apos;, revision: &amp;apos;e82be7d358&amp;apos;, time: &amp;apos;2018-11-14T08:25:48&amp;apos;
System info: host: &amp;apos;ABDUS&amp;apos;, ip: &amp;apos;192.168.13.1&amp;apos;, os.name: &amp;apos;Windows 10&amp;apos;, os.arch: &amp;apos;amd64&amp;apos;, os.version: &amp;apos;10.0&amp;apos;, java.version: &amp;apos;1.8.0_201&amp;apos;
Driver info: org.openqa.selenium.edge.EdgeDriver
Capabilities {InPrivate: false, acceptSslCerts: true, applicationCacheEnabled: true, browserName: MicrosoftEdge, browserVersion: 42.17134.1.0, javascriptEnabled: true, locationContextEnabled: true, pageLoadStrategy: normal, platform: WINDOWS, platformName: WINDOWS, platformVersion: 10, takesElementScreenshot: true, takesScreenshot: true, webStorageEnabled: true}
Session ID: A4AA0A96-9BB7-4D01-8A03-3EE71621F7B7">
      <![CDATA[org.openqa.selenium.WebDriverException: A window size operation failed because the window is not currently available (WARNING: The server did not provide any stacktrace information)
Command duration or timeout: 0 milliseconds
Build info: version: '3.141.59', revision: 'e82be7d358', time: '2018-11-14T08:25:48'
System info: host: 'ABDUS', ip: '192.168.13.1', os.name: 'Windows 10', os.arch: 'amd64', os.version: '10.0', java.version: '1.8.0_201'
Driver info: org.openqa.selenium.edge.EdgeDriver
Capabilities {InPrivate: false, acceptSslCerts: true, applicationCacheEnabled: true, browserName: MicrosoftEdge, browserVersion: 42.17134.1.0, javascriptEnabled: true, locationContextEnabled: true, pageLoadStrategy: normal, platform: WINDOWS, platformName: WINDOWS, platformVersion: 10, takesElementScreenshot: true, takesScreenshot: true, webStorageEnabled: true}
Session ID: A4AA0A96-9BB7-4D01-8A03-3EE71621F7B7
at org.openqa.selenium.remote.ErrorHandler.createThrowable(ErrorHandler.java:214)
at org.openqa.selenium.remote.ErrorHandler.throwIfResponseFailed(ErrorHandler.java:166)
at org.openqa.selenium.remote.http.JsonHttpResponseCodec.reconstructValue(JsonHttpResponseCodec.java:40)
at org.openqa.selenium.remote.http.AbstractHttpResponseCodec.decode(AbstractHttpResponseCodec.java:80)
at org.openqa.selenium.remote.http.AbstractHttpResponseCodec.decode(AbstractHttpResponseCodec.java:44)
at org.openqa.selenium.remote.HttpCommandExecutor.execute(HttpCommandExecutor.java:158)
at org.openqa.selenium.remote.service.DriverCommandExecutor.execute(DriverCommandExecutor.java:83)
at org.openqa.selenium.remote.RemoteWebDriver.execute(RemoteWebDriver.java:552)
at org.openqa.selenium.remote.RemoteWebDriver.execute(RemoteWebDriver.java:609)
at org.openqa.selenium.remote.RemoteWebDriver$RemoteWebDriverOptions$RemoteWindow.maximize(RemoteWebDriver.java:837)
at demo.CrossBrowserTesting.openBrowser(CrossBrowserTesting.java:68)
at java.util.concurrent.FutureTask.run(Unknown Source)
at java.util.concurrent.ThreadPoolExecutor.runWorker(Unknown Source)
at java.util.concurrent.ThreadPoolExecutor$Worker.run(Unknown Source)
at java.lang.Thread.run(Unknown Source)
... Removed 19 stack frames]]>
    </failure>
  </testcase> <!-- @BeforeTest openBrowser -->
  <testcase name="@AfterTest closeBrowser" time="0.0" classname="demo.CrossBrowserTesting">
    <skipped/>
  </testcase> <!-- @AfterTest closeBrowser -->
  <testcase name="verifySigninBtnVisibility" time="0.0" classname="demo.CrossBrowserTesting">
    <skipped/>
  </testcase> <!-- verifySigninBtnVisibility -->
  <testcase name="verifyText" time="0.0" classname="demo.CrossBrowserTesting">
    <skipped/>
  </testcase> <!-- verifyText -->
  <testcase name="verifySearchBtnStsBeforeEnteringText" time="0.0" classname="demo.CrossBrowserTesting">
    <skipped/>
  </testcase> <!-- verifySearchBtnStsBeforeEnteringText -->
  <testcase name="verifySearchBtnStsAfterEnteringText" time="0.0" classname="demo.CrossBrowserTesting">
    <skipped/>
  </testcase> <!-- verifySearchBtnStsAfterEnteringText -->
</testsuite> <!-- Edge Test -->
